  form.c
C:\Users\HOME\Desktop\Ano2_1S\Computação gráfica\semana 1\TAI_figura\TAI_figura\form.c(18,18): warning C4028: parâmetro formal 1 diferente da declaração
C:\Users\HOME\Desktop\Ano2_1S\Computação gráfica\semana 1\TAI_figura\TAI_figura\form.c(18,68): warning C4029: lista de parâmetros formais declarada diferente da definição
C:\Users\HOME\Desktop\Ano2_1S\Computação gráfica\semana 1\TAI_figura\TAI_figura\form.c(262,8): warning C4305: 'inicializando': truncamento de 'double' para 'float'
C:\Users\HOME\Desktop\Ano2_1S\Computação gráfica\semana 1\TAI_figura\TAI_figura\form.c(266,32): warning C4244: 'inicializando': conversão de 'double' para 'float', possível perda de dados
C:\Users\HOME\Desktop\Ano2_1S\Computação gráfica\semana 1\TAI_figura\TAI_figura\form.c(267,18): warning C4244: 'inicializando': conversão de 'double' para 'float', possível perda de dados
C:\Users\HOME\Desktop\Ano2_1S\Computação gráfica\semana 1\TAI_figura\TAI_figura\form.c(268,18): warning C4244: 'inicializando': conversão de 'double' para 'float', possível perda de dados
C:\Users\HOME\Desktop\Ano2_1S\Computação gráfica\semana 1\TAI_figura\TAI_figura\form.c(286,37): warning C4244: '=': conversão de 'double' para 'float', possível perda de dados
C:\Users\HOME\Desktop\Ano2_1S\Computação gráfica\semana 1\TAI_figura\TAI_figura\form.c(288,18): warning C4244: 'inicializando': conversão de 'double' para 'float', possível perda de dados
C:\Users\HOME\Desktop\Ano2_1S\Computação gráfica\semana 1\TAI_figura\TAI_figura\form.c(289,18): warning C4244: 'inicializando': conversão de 'double' para 'float', possível perda de dados
C:\Users\HOME\Desktop\Ano2_1S\Computação gráfica\semana 1\TAI_figura\TAI_figura\form.c(356,25): warning C4244: '=': conversão de 'int' para 'float', possível perda de dados
C:\Users\HOME\Desktop\Ano2_1S\Computação gráfica\semana 1\TAI_figura\TAI_figura\form.c(357,24): warning C4244: '=': conversão de 'int' para 'float', possível perda de dados
C:\Users\HOME\Desktop\Ano2_1S\Computação gráfica\semana 1\TAI_figura\TAI_figura\form.c(358,17): warning C4244: '=': conversão de 'int' para 'float', possível perda de dados
  main.c
C:\Users\HOME\Desktop\Ano2_1S\Computação gráfica\semana 1\TAI_figura\TAI_figura\main.c(49,18): warning C4113: 'void (__cdecl *)()' difere em listas de parâmetro de 'void (__cdecl *)(void)'
C:\Users\HOME\Desktop\Ano2_1S\Computação gráfica\semana 1\TAI_figura\TAI_figura\main.c(68,23): warning C4244: 'função': conversão de 'GLint' para 'float', possível perda de dados
C:\Users\HOME\Desktop\Ano2_1S\Computação gráfica\semana 1\TAI_figura\TAI_figura\main.c(68,26): warning C4244: 'função': conversão de 'GLint' para 'float', possível perda de dados
C:\Users\HOME\Desktop\Ano2_1S\Computação gráfica\semana 1\TAI_figura\TAI_figura\main.c(74,3): warning C4013: 'printf' indefinido; assumindo extern retornando int
C:\Users\HOME\Desktop\Ano2_1S\Computação gráfica\semana 1\TAI_figura\TAI_figura\main.c(78,27): warning C4244: 'função': conversão de 'int' para 'float', possível perda de dados
C:\Users\HOME\Desktop\Ano2_1S\Computação gráfica\semana 1\TAI_figura\TAI_figura\main.c(78,41): warning C4244: 'função': conversão de 'int' para 'float', possível perda de dados
C:\Users\HOME\Desktop\Ano2_1S\Computação gráfica\semana 1\TAI_figura\TAI_figura\main.c(78,55): warning C4244: 'função': conversão de 'GLint' para 'float', possível perda de dados
C:\Users\HOME\Desktop\Ano2_1S\Computação gráfica\semana 1\TAI_figura\TAI_figura\main.c(78,58): warning C4020: 'novo_circulo': muitos parâmetros reais
C:\Users\HOME\Desktop\Ano2_1S\Computação gráfica\semana 1\TAI_figura\TAI_figura\main.c(116,20): warning C4244: 'função': conversão de 'GLint' para 'float', possível perda de dados
C:\Users\HOME\Desktop\Ano2_1S\Computação gráfica\semana 1\TAI_figura\TAI_figura\main.c(116,23): warning C4244: 'função': conversão de 'GLint' para 'float', possível perda de dados
C:\Users\HOME\Desktop\Ano2_1S\Computação gráfica\semana 1\TAI_figura\TAI_figura\main.c(208,49): warning C4244: 'função': conversão de 'int' para 'float', possível perda de dados
C:\Users\HOME\Desktop\Ano2_1S\Computação gráfica\semana 1\TAI_figura\TAI_figura\main.c(208,68): warning C4244: 'função': conversão de 'int' para 'float', possível perda de dados
C:\Users\HOME\Desktop\Ano2_1S\Computação gráfica\semana 1\TAI_figura\TAI_figura\main.c(208,80): warning C4244: 'função': conversão de 'int' para 'float', possível perda de dados
C:\Users\HOME\Desktop\Ano2_1S\Computação gráfica\semana 1\TAI_figura\TAI_figura\main.c(230,8): warning C4013: 'time' indefinido; assumindo extern retornando int
C:\Users\HOME\Desktop\Ano2_1S\Computação gráfica\semana 1\TAI_figura\TAI_figura\main.c(236,49): warning C4244: 'função': conversão de 'int' para 'float', possível perda de dados
C:\Users\HOME\Desktop\Ano2_1S\Computação gráfica\semana 1\TAI_figura\TAI_figura\main.c(236,68): warning C4244: 'função': conversão de 'int' para 'float', possível perda de dados
C:\Users\HOME\Desktop\Ano2_1S\Computação gráfica\semana 1\TAI_figura\TAI_figura\main.c(236,80): warning C4244: 'função': conversão de 'int' para 'float', possível perda de dados
C:\Users\HOME\Desktop\Ano2_1S\Computação gráfica\semana 1\TAI_figura\TAI_figura\main.c(256,18): warning C4305: 'função': truncamento de 'double' para 'GLclampf'
C:\Users\HOME\Desktop\Ano2_1S\Computação gráfica\semana 1\TAI_figura\TAI_figura\main.c(256,23): warning C4305: 'função': truncamento de 'double' para 'GLclampf'
C:\Users\HOME\Desktop\Ano2_1S\Computação gráfica\semana 1\TAI_figura\TAI_figura\main.c(256,28): warning C4305: 'função': truncamento de 'double' para 'GLclampf'
C:\Users\HOME\Desktop\Ano2_1S\Computação gráfica\semana 1\TAI_figura\TAI_figura\main.c(256,32): warning C4305: 'função': truncamento de 'double' para 'GLclampf'
  Gerando Código...
  TAI_figura.vcxproj -> C:\Users\HOME\Desktop\Ano2_1S\Computação gráfica\semana 1\TAI_figura\Debug\TAI_figura.exe
